********************************************************************************
DUPLICATOR-LITE PACKAGE-LOG: August 11, 2022 11:31 pm
NOTICE: Do NOT post to public sites or forums 
********************************************************************************
VERSION:	1.4.7.1
WORDPRESS:	5.8
PHP INFO:	7.4.22 | SAPI: apache2handler
SERVER:		Apache/2.4.48 (Win64) OpenSSL/1.1.1k PHP/7.4.22 
PHP TIME LIMIT: (0) no time limit imposed 
PHP MAX MEMORY: 4294967296 (512M default) 
MEMORY STACK: 38MB

********************************************************************************
DATABASE:
********************************************************************************
BUILD MODE:   MYSQLDUMP
MYSQLTIMEOUT: 5000
MYSQLDUMP:    Is Supported
SQL CREATED: egghop_b738995878099ef26873_20220811233109_database.sql
SQL FILE SIZE: 30.15MB (31609950)
SQL FILE TIME: 2022-08-11 23:33:06
SQL RUNTIME: 98.50 sec.

********************************************************************************
ARCHIVE (ZIP):
********************************************************************************
ARCHIVE DIR:  C:/xampp/htdocs/medibound
ARCHIVE FILE: egghop_b738995878099ef26873_20220811233109_archive.zip
FILTERS: *OFF*
DIRS:
	not set
FILES:
	not set
EXTS:  not set
----------------------------------------
COMPRESSING
SIZE:	1.63GB
STATS:	Dirs 2,078 | Files 13,767
SQL ADDED: egghop_b738995878099ef26873_20220811233109_database.sql
ZipArchive Object
(
    [status] => 0
    [statusSys] => 0
    [numFiles] => 15845
    [filename] => C:\xampp\htdocs\medibound\wp-content\backups-dup-lite\tmp\egghop_b738995878099ef26873_20220811233109_archive.zip
    [comment] => 
)

FILE ADDED TO ZIP: 15844
COMPRESSION RESULT: '1'
COMPRESSED SIZE: 1.53GB
ARCHIVE RUNTIME: 153.38 sec.
MEMORY STACK: 42MB
building installer
add_extra_files1
add_extra_files2
add_extra_files3
add_extra_files4
Doing archive file check
add_extra_files5
add_extra_files6
add_extra_files8
Successfully opened zip C:/xampp/htdocs/medibound/wp-content/backups-dup-lite/tmp/egghop_b738995878099ef26873_20220811233109_archive.zip
Adding enhanced installer files to archive using ZipArchive
Installer files added to archive
Added to archive
After ziparchive close when adding installer

********************************************************************************
INTEGRITY CHECKS:
********************************************************************************
SQL FILE: 30.15MB
INSTALLER FILE: 64.73KB
ARCHIVE FILE: 1.53GB 
EXPECTED FILE/DIRECTORY COUNT: 15,845
ACTUAL FILE/DIRECTORY COUNT: 15,844
ARCHIVE CONSISTENCY TEST: Pass

********************************************************************************
RECORD ID:[1]
TOTAL PROCESS RUNTIME: 259.65 sec.
PEAK PHP MEMORY USED: 46MB
DONE PROCESSING => egghop August 11, 2022 11:35 pm

